[0mPOST /api/auth/login [32m200[0m 205.841 ms - 439[0m
[0mGET /api/categories [36m304[0m 772.533 ms - -[0m
[0mGET /api/health [32m200[0m 3.183 ms - 37[0m
[0mGET /api/metrics [32m200[0m 2.977 ms - -[0m
[0mGET /api/categories?from=0&limit=10 [33m401[0m 3.675 ms - 178[0m
[0mGET /api/users?from=0&limit=10 [33m404[0m 426.280 ms - 158[0m
[0mGET /api/roles?from=0&limit=10 [33m401[0m 1.485 ms - 173[0m
[0mGET /api/users [33m404[0m 2523.554 ms - 142[0m
[0mGET /api/users [32m200[0m 393.430 ms - 160[0m
[0mGET /api/users [36m304[0m 1304.954 ms - -[0m
[0mGET /api/users [32m200[0m 57.292 ms - 1519[0m
[0mGET /api/health [32m200[0m 1.870 ms - 37[0m
[0mGET /api/metrics [32m200[0m 2.924 ms - -[0m
[0mGET /api/categories?from=0&limit=10 [33m401[0m 3.678 ms - 178[0m
[0mGET /api/users?from=0&limit=10 [32m200[0m 2054.757 ms - 1389[0m
[0mGET /api/roles?from=0&limit=10 [33m401[0m 2.073 ms - 173[0m
[0mGET /api/health [32m200[0m 2.048 ms - 37[0m
[0mGET /api/metrics [32m200[0m 3.196 ms - -[0m
[0mGET /api/categories?from=0&limit=10 [33m401[0m 7.285 ms - 178[0m
[0mGET /api/users?from=0&limit=10 [32m200[0m 1716.715 ms - 1389[0m
[0mGET /api/roles?from=0&limit=10 [33m401[0m 1.352 ms - 173[0m
[0mGET /api/health [32m200[0m 1.906 ms - 37[0m
[0mGET /api/metrics [32m200[0m 3.226 ms - -[0m
[0mGET /api/categories?from=0&limit=10 [33m401[0m 3.580 ms - 178[0m
[0mGET /api/products?from=0&limit=10 [32m200[0m 2128.336 ms - 1645[0m
[0mGET /api/users?from=0&limit=10 [32m200[0m 761.246 ms - 1389[0m
[0mGET /api/roles?from=0&limit=10 [33m401[0m 1.384 ms - 173[0m
[0mGET /api/docs/ [36m304[0m 5.468 ms - -[0m
[0mGET /api/docs/swagger-ui-init.js [36m304[0m 0.540 ms - -[0m
[0mGET /api/docs/swagger-ui.css [36m304[0m 6.965 ms - -[0m
[0mGET /api/docs/swagger-ui-standalone-preset.js [36m304[0m 6.621 ms - -[0m
[0mGET /api/docs/swagger-ui-bundle.js [36m304[0m 11.872 ms - -[0m
[0mPOST /api/auth/login [32m200[0m 222.680 ms - 440[0m
