{"@fields":{"level":"\u001b[32minfo\u001b[39m"},"@message":"\tSuccessful connection to MongoDB","@timestamp":"2024-04-01T16:28:55.442Z"}
{"@fields":{"level":"\u001b[32minfo\u001b[39m"},"@message":"\tThe server process started with PID: 22812","@timestamp":"2024-04-01T16:28:55.678Z"}
{"@fields":{"level":"\u001b[32minfo\u001b[39m"},"@message":"\tCurrent environment is: development","@timestamp":"2024-04-01T16:28:55.699Z"}
{"@fields":{"level":"\u001b[32minfo\u001b[39m"},"@message":"\tStarted logging with level: debug","@timestamp":"2024-04-01T16:28:55.701Z"}
{"@fields":{"level":"\u001b[32minfo\u001b[39m"},"@message":"\tNODE Microservice app listening at http://localhost:8080","@timestamp":"2024-04-01T16:28:55.780Z"}
{"@fields":{"level":"\u001b[32minfo\u001b[39m"},"@message":"\tCheck the OpenApi especification at http://localhost:8080/api/docs","@timestamp":"2024-04-01T16:28:55.782Z"}
{"@fields":{"level":"\u001b[31merror\u001b[39m"},"@message":"\tThere is no token in the request","@timestamp":"2024-04-01T16:28:58.178Z"}
{"@fields":{"level":"\u001b[31merror\u001b[39m"},"@message":"\tThere is no token in the request","@timestamp":"2024-04-01T16:29:00.207Z"}
{"@fields":{"level":"\u001b[32minfo\u001b[39m"},"@message":"\tSuccessful connection to MongoDB","@timestamp":"2024-04-01T16:32:24.009Z"}
{"@fields":{"level":"\u001b[32minfo\u001b[39m"},"@message":"\tThe server process started with PID: 2420","@timestamp":"2024-04-01T16:32:24.170Z"}
{"@fields":{"level":"\u001b[32minfo\u001b[39m"},"@message":"\tCurrent environment is: development","@timestamp":"2024-04-01T16:32:24.171Z"}
{"@fields":{"level":"\u001b[32minfo\u001b[39m"},"@message":"\tStarted logging with level: debug","@timestamp":"2024-04-01T16:32:24.172Z"}
{"@fields":{"level":"\u001b[32minfo\u001b[39m"},"@message":"\tNODE Microservice app listening at http://localhost:8080","@timestamp":"2024-04-01T16:32:24.248Z"}
{"@fields":{"level":"\u001b[32minfo\u001b[39m"},"@message":"\tCheck the OpenApi especification at http://localhost:8080/api/docs","@timestamp":"2024-04-01T16:32:24.250Z"}
{"@fields":{"level":"\u001b[31merror\u001b[39m"},"@message":"\tThere is no token in the request","@timestamp":"2024-04-01T16:32:26.789Z"}
{"@fields":{"level":"\u001b[31merror\u001b[39m"},"@message":"\tThere is no token in the request","@timestamp":"2024-04-01T16:32:28.787Z"}
{"@fields":{"level":"\u001b[32minfo\u001b[39m"},"@message":"\tSuccessful connection to MongoDB","@timestamp":"2024-04-01T16:33:01.948Z"}
{"@fields":{"level":"\u001b[32minfo\u001b[39m"},"@message":"\tThe server process started with PID: 31084","@timestamp":"2024-04-01T16:33:02.131Z"}
{"@fields":{"level":"\u001b[32minfo\u001b[39m"},"@message":"\tCurrent environment is: development","@timestamp":"2024-04-01T16:33:02.131Z"}
{"@fields":{"level":"\u001b[32minfo\u001b[39m"},"@message":"\tStarted logging with level: debug","@timestamp":"2024-04-01T16:33:02.132Z"}
{"@fields":{"level":"\u001b[32minfo\u001b[39m"},"@message":"\tNODE Microservice app listening at http://localhost:8080","@timestamp":"2024-04-01T16:33:02.276Z"}
{"@fields":{"level":"\u001b[32minfo\u001b[39m"},"@message":"\tCheck the OpenApi especification at http://localhost:8080/api/docs","@timestamp":"2024-04-01T16:33:02.277Z"}
{"@fields":{"level":"\u001b[31merror\u001b[39m"},"@message":"\tThere is no token in the request","@timestamp":"2024-04-01T16:33:04.787Z"}
{"@fields":{"level":"\u001b[31merror\u001b[39m"},"@message":"\tThere is no token in the request","@timestamp":"2024-04-01T16:33:06.787Z"}
{"@fields":{"level":"\u001b[32minfo\u001b[39m"},"@message":"\tSuccessful connection to MongoDB","@timestamp":"2024-04-01T16:33:42.101Z"}
{"@fields":{"level":"\u001b[32minfo\u001b[39m"},"@message":"\tThe server process started with PID: 25072","@timestamp":"2024-04-01T16:33:42.256Z"}
{"@fields":{"level":"\u001b[32minfo\u001b[39m"},"@message":"\tCurrent environment is: development","@timestamp":"2024-04-01T16:33:42.257Z"}
{"@fields":{"level":"\u001b[32minfo\u001b[39m"},"@message":"\tStarted logging with level: debug","@timestamp":"2024-04-01T16:33:42.258Z"}
{"@fields":{"level":"\u001b[32minfo\u001b[39m"},"@message":"\tNODE Microservice app listening at http://localhost:8080","@timestamp":"2024-04-01T16:33:42.333Z"}
{"@fields":{"level":"\u001b[32minfo\u001b[39m"},"@message":"\tCheck the OpenApi especification at http://localhost:8080/api/docs","@timestamp":"2024-04-01T16:33:42.334Z"}
{"@fields":{"level":"\u001b[31merror\u001b[39m"},"@message":"\tThere is no token in the request","@timestamp":"2024-04-01T16:33:44.873Z"}
{"@fields":{"level":"\u001b[31merror\u001b[39m"},"@message":"\tThere is no token in the request","@timestamp":"2024-04-01T16:33:46.874Z"}
{"@fields":{"level":"\u001b[32minfo\u001b[39m"},"@message":"\tSuccessful connection to MongoDB","@timestamp":"2024-04-01T16:35:12.342Z"}
{"@fields":{"level":"\u001b[32minfo\u001b[39m"},"@message":"\tThe server process started with PID: 26364","@timestamp":"2024-04-01T16:35:12.499Z"}
{"@fields":{"level":"\u001b[32minfo\u001b[39m"},"@message":"\tCurrent environment is: development","@timestamp":"2024-04-01T16:35:12.500Z"}
{"@fields":{"level":"\u001b[32minfo\u001b[39m"},"@message":"\tStarted logging with level: debug","@timestamp":"2024-04-01T16:35:12.500Z"}
{"@fields":{"level":"\u001b[32minfo\u001b[39m"},"@message":"\tNODE Microservice app listening at http://localhost:8080","@timestamp":"2024-04-01T16:35:12.576Z"}
{"@fields":{"level":"\u001b[32minfo\u001b[39m"},"@message":"\tCheck the OpenApi especification at http://localhost:8080/api/docs","@timestamp":"2024-04-01T16:35:12.577Z"}
{"@fields":{"level":"\u001b[31merror\u001b[39m"},"@message":"\tThere is no token in the request","@timestamp":"2024-04-01T16:35:16.528Z"}
{"@fields":{"level":"\u001b[31merror\u001b[39m"},"@message":"\tThere is no token in the request","@timestamp":"2024-04-01T16:35:20.530Z"}
{"@fields":{"level":"\u001b[32minfo\u001b[39m"},"@message":"\tSuccessful connection to MongoDB","@timestamp":"2024-04-01T16:36:12.740Z"}
{"@fields":{"level":"\u001b[32minfo\u001b[39m"},"@message":"\tThe server process started with PID: 31580","@timestamp":"2024-04-01T16:36:12.890Z"}
{"@fields":{"level":"\u001b[32minfo\u001b[39m"},"@message":"\tCurrent environment is: development","@timestamp":"2024-04-01T16:36:12.891Z"}
{"@fields":{"level":"\u001b[32minfo\u001b[39m"},"@message":"\tStarted logging with level: debug","@timestamp":"2024-04-01T16:36:12.891Z"}
{"@fields":{"level":"\u001b[32minfo\u001b[39m"},"@message":"\tNODE Microservice app listening at http://localhost:8080","@timestamp":"2024-04-01T16:36:12.966Z"}
{"@fields":{"level":"\u001b[32minfo\u001b[39m"},"@message":"\tCheck the OpenApi especification at http://localhost:8080/api/docs","@timestamp":"2024-04-01T16:36:12.967Z"}
{"@fields":{"level":"\u001b[31merror\u001b[39m"},"@message":"\tThere is no token in the request","@timestamp":"2024-04-01T16:36:16.124Z"}
{"@fields":{"level":"\u001b[31merror\u001b[39m"},"@message":"\tThere is no token in the request","@timestamp":"2024-04-01T16:36:22.137Z"}
{"@fields":{"level":"\u001b[32minfo\u001b[39m"},"@message":"\tSuccessful connection to MongoDB","@timestamp":"2024-04-01T16:37:18.846Z"}
{"@fields":{"level":"\u001b[32minfo\u001b[39m"},"@message":"\tThe server process started with PID: 13348","@timestamp":"2024-04-01T16:37:19.009Z"}
{"@fields":{"level":"\u001b[32minfo\u001b[39m"},"@message":"\tCurrent environment is: development","@timestamp":"2024-04-01T16:37:19.010Z"}
{"@fields":{"level":"\u001b[32minfo\u001b[39m"},"@message":"\tStarted logging with level: debug","@timestamp":"2024-04-01T16:37:19.010Z"}
{"@fields":{"level":"\u001b[32minfo\u001b[39m"},"@message":"\tNODE Microservice app listening at http://localhost:8080","@timestamp":"2024-04-01T16:37:19.087Z"}
{"@fields":{"level":"\u001b[32minfo\u001b[39m"},"@message":"\tCheck the OpenApi especification at http://localhost:8080/api/docs","@timestamp":"2024-04-01T16:37:19.087Z"}
{"@fields":{"level":"\u001b[31merror\u001b[39m"},"@message":"\tThere is no token in the request","@timestamp":"2024-04-01T16:37:23.340Z"}
{"@fields":{"level":"\u001b[31merror\u001b[39m"},"@message":"\tThere is no token in the request","@timestamp":"2024-04-01T16:37:29.378Z"}
{"@fields":{"level":"\u001b[32minfo\u001b[39m"},"@message":"\tSuccessful connection to MongoDB","@timestamp":"2024-04-01T17:00:46.396Z"}
{"@fields":{"level":"\u001b[32minfo\u001b[39m"},"@message":"\tThe server process started with PID: 27944","@timestamp":"2024-04-01T17:00:46.559Z"}
{"@fields":{"level":"\u001b[32minfo\u001b[39m"},"@message":"\tCurrent environment is: development","@timestamp":"2024-04-01T17:00:46.560Z"}
{"@fields":{"level":"\u001b[32minfo\u001b[39m"},"@message":"\tStarted logging with level: debug","@timestamp":"2024-04-01T17:00:46.561Z"}
{"@fields":{"level":"\u001b[32minfo\u001b[39m"},"@message":"\tNODE Microservice app listening at http://localhost:8080","@timestamp":"2024-04-01T17:00:46.636Z"}
{"@fields":{"level":"\u001b[32minfo\u001b[39m"},"@message":"\tCheck the OpenApi especification at http://localhost:8080/api/docs","@timestamp":"2024-04-01T17:00:46.637Z"}
{"@fields":{"level":"\u001b[31merror\u001b[39m"},"@message":"\tThere is no token in the request","@timestamp":"2024-04-01T17:00:50.922Z"}
{"@fields":{"level":"\u001b[31merror\u001b[39m"},"@message":"\tThere is no token in the request","@timestamp":"2024-04-01T17:00:56.922Z"}
{"@fields":{"level":"\u001b[32minfo\u001b[39m"},"@message":"\tSuccessful connection to MongoDB","@timestamp":"2024-04-01T17:02:01.293Z"}
{"@fields":{"level":"\u001b[32minfo\u001b[39m"},"@message":"\tThe server process started with PID: 6548","@timestamp":"2024-04-01T17:02:01.483Z"}
{"@fields":{"level":"\u001b[32minfo\u001b[39m"},"@message":"\tCurrent environment is: development","@timestamp":"2024-04-01T17:02:01.527Z"}
{"@fields":{"level":"\u001b[32minfo\u001b[39m"},"@message":"\tStarted logging with level: debug","@timestamp":"2024-04-01T17:02:01.555Z"}
{"@fields":{"level":"\u001b[32minfo\u001b[39m"},"@message":"\tNODE Microservice app listening at http://localhost:8080","@timestamp":"2024-04-01T17:02:01.685Z"}
{"@fields":{"level":"\u001b[32minfo\u001b[39m"},"@message":"\tCheck the OpenApi especification at http://localhost:8080/api/docs","@timestamp":"2024-04-01T17:02:01.701Z"}
{"@fields":{"level":"\u001b[31merror\u001b[39m"},"@message":"\tThere is no token in the request","@timestamp":"2024-04-01T17:02:04.981Z"}
{"@fields":{"level":"\u001b[31merror\u001b[39m"},"@message":"\tThere is no token in the request","@timestamp":"2024-04-01T17:02:12.986Z"}
{"@fields":{"level":"\u001b[32minfo\u001b[39m"},"@message":"\tSuccessful connection to MongoDB","@timestamp":"2024-04-01T17:04:07.797Z"}
{"@fields":{"level":"\u001b[32minfo\u001b[39m"},"@message":"\tThe server process started with PID: 16716","@timestamp":"2024-04-01T17:04:07.952Z"}
{"@fields":{"level":"\u001b[32minfo\u001b[39m"},"@message":"\tCurrent environment is: development","@timestamp":"2024-04-01T17:04:07.952Z"}
{"@fields":{"level":"\u001b[32minfo\u001b[39m"},"@message":"\tStarted logging with level: debug","@timestamp":"2024-04-01T17:04:07.953Z"}
{"@fields":{"level":"\u001b[32minfo\u001b[39m"},"@message":"\tNODE Microservice app listening at http://localhost:8080","@timestamp":"2024-04-01T17:04:08.024Z"}
{"@fields":{"level":"\u001b[32minfo\u001b[39m"},"@message":"\tCheck the OpenApi especification at http://localhost:8080/api/docs","@timestamp":"2024-04-01T17:04:08.024Z"}
{"@fields":{"level":"\u001b[31merror\u001b[39m"},"@message":"\tThere is no token in the request","@timestamp":"2024-04-01T17:04:11.784Z"}
{"@fields":{"level":"\u001b[31merror\u001b[39m"},"@message":"\tThere is no token in the request","@timestamp":"2024-04-01T17:04:21.807Z"}
{"@fields":{"level":"\u001b[32minfo\u001b[39m"},"@message":"\tSuccessful connection to MongoDB","@timestamp":"2024-04-01T17:07:34.952Z"}
{"@fields":{"level":"\u001b[32minfo\u001b[39m"},"@message":"\tThe server process started with PID: 30008","@timestamp":"2024-04-01T17:07:35.102Z"}
{"@fields":{"level":"\u001b[32minfo\u001b[39m"},"@message":"\tCurrent environment is: development","@timestamp":"2024-04-01T17:07:35.103Z"}
{"@fields":{"level":"\u001b[32minfo\u001b[39m"},"@message":"\tStarted logging with level: debug","@timestamp":"2024-04-01T17:07:35.103Z"}
{"@fields":{"level":"\u001b[32minfo\u001b[39m"},"@message":"\tNODE Microservice app listening at http://localhost:8080","@timestamp":"2024-04-01T17:07:35.182Z"}
{"@fields":{"level":"\u001b[32minfo\u001b[39m"},"@message":"\tCheck the OpenApi especification at http://localhost:8080/api/docs","@timestamp":"2024-04-01T17:07:35.183Z"}
{"@fields":{"level":"\u001b[32minfo\u001b[39m"},"@message":"\tSuccessful connection to MongoDB","@timestamp":"2024-04-01T17:08:37.217Z"}
{"@fields":{"level":"\u001b[32minfo\u001b[39m"},"@message":"\tThe server process started with PID: 16744","@timestamp":"2024-04-01T17:08:37.375Z"}
{"@fields":{"level":"\u001b[32minfo\u001b[39m"},"@message":"\tCurrent environment is: development","@timestamp":"2024-04-01T17:08:37.376Z"}
{"@fields":{"level":"\u001b[32minfo\u001b[39m"},"@message":"\tStarted logging with level: debug","@timestamp":"2024-04-01T17:08:37.377Z"}
{"@fields":{"level":"\u001b[32minfo\u001b[39m"},"@message":"\tNODE Microservice app listening at http://localhost:8080","@timestamp":"2024-04-01T17:08:37.452Z"}
{"@fields":{"level":"\u001b[32minfo\u001b[39m"},"@message":"\tCheck the OpenApi especification at http://localhost:8080/api/docs","@timestamp":"2024-04-01T17:08:37.453Z"}
{"@fields":{"level":"\u001b[32minfo\u001b[39m"},"@message":"\tSuccessful connection to MongoDB","@timestamp":"2024-04-01T17:09:07.546Z"}
{"@fields":{"level":"\u001b[32minfo\u001b[39m"},"@message":"\tThe server process started with PID: 6784","@timestamp":"2024-04-01T17:09:07.710Z"}
{"@fields":{"level":"\u001b[32minfo\u001b[39m"},"@message":"\tCurrent environment is: development","@timestamp":"2024-04-01T17:09:07.710Z"}
{"@fields":{"level":"\u001b[32minfo\u001b[39m"},"@message":"\tStarted logging with level: debug","@timestamp":"2024-04-01T17:09:07.711Z"}
{"@fields":{"level":"\u001b[32minfo\u001b[39m"},"@message":"\tNODE Microservice app listening at http://localhost:8080","@timestamp":"2024-04-01T17:09:07.790Z"}
{"@fields":{"level":"\u001b[32minfo\u001b[39m"},"@message":"\tCheck the OpenApi especification at http://localhost:8080/api/docs","@timestamp":"2024-04-01T17:09:07.790Z"}
